2026-03-24 12:21:23,948 [WARNING] 请求报文中未解析到查询单号，将直接使用入参单号: ALS01481544388
2026-03-24 12:21:23,951 [INFO] 单号 ALS01481544388 的必要字段提取完整
2026-03-24 12:21:23,952 [INFO] 预览 payload 已写入: F:\项目\{线上}客户数据获取\wedoc_payload_preview.json
2026-03-24 12:21:23,952 [INFO] 发送 payload 已写入: F:\项目\{线上}客户数据获取\wedoc_webhook_payload.json
2026-03-24 12:21:23,952 [INFO] 当前为 dry-run，未实际发送 webhook
2026-03-24 12:22:11,370 [INFO] 请求报文中的查询单号: ALS01481544388
2026-03-24 12:22:11,371 [INFO] 单号 ALS01481544388 的必要字段提取完整
2026-03-24 12:22:11,372 [INFO] 预览 payload 已写入: F:\项目\{线上}客户数据获取\wedoc_payload_preview.json
2026-03-24 12:22:11,372 [INFO] 发送 payload 已写入: F:\项目\{线上}客户数据获取\wedoc_webhook_payload.json
2026-03-24 12:22:11,372 [INFO] 当前为 dry-run，未实际发送 webhook
2026-03-24 12:22:27,773 [INFO] 请求报文中的查询单号: ALS01481544388
2026-03-24 12:22:27,773 [INFO] 单号 ALS01481544388 的必要字段提取完整
2026-03-24 12:22:27,776 [INFO] 预览 payload 已写入: F:\项目\{线上}客户数据获取\wedoc_payload_preview.json
2026-03-24 12:22:27,776 [INFO] 发送 payload 已写入: F:\项目\{线上}客户数据获取\wedoc_webhook_payload.json
2026-03-24 12:22:29,902 [INFO] Webhook 发送完成
2026-03-24 12:23:44,010 [INFO] 请求报文中的查询单号: ALS01481544388
2026-03-24 12:23:44,011 [INFO] 单号 ALS01481544388 的必要字段提取完整
2026-03-24 12:23:44,011 [WARNING] 未提供额外空字段 schema，仅发送已确认映射字段
2026-03-24 12:23:44,013 [INFO] 预览 payload 已写入: F:\项目\{线上}客户数据获取\wedoc_payload_preview.json
2026-03-24 12:23:44,013 [INFO] 发送 payload 已写入: F:\项目\{线上}客户数据获取\wedoc_webhook_payload.json
2026-03-24 12:23:45,701 [INFO] Webhook 发送完成
2026-06-01 16:34:21,039 [WARNING] 请求报文中未解析到查询单号，将直接使用入参单号: ALS01678077151
2026-06-01 16:35:04,073 [WARNING] 请求报文中未解析到查询单号，将直接使用入参单号: ALS01678077151
2026-06-01 16:35:04,073 [ERROR] 未在接口响应中找到单号 ALS01678077151 对应的数据
2026-06-01 16:36:55,665 [WARNING] 请求报文中未解析到查询单号，将直接使用入参单号: ALS01678077151
2026-06-01 16:36:55,666 [ERROR] 单号 ALS01678077151 缺少必要字段: sellerLoginId, customerName
2026-06-01 16:36:55,666 [WARNING] 未提供额外空字段 schema，仅发送已确认映射字段
2026-06-01 16:36:55,667 [INFO] 预览 payload 已写入: F:\项目\客户数据获取\wedoc_payload_preview.json
2026-06-01 16:36:55,667 [INFO] 发送 payload 已写入: F:\项目\客户数据获取\wedoc_webhook_payload.json
2026-06-01 16:36:55,667 [INFO] 当前为 dry-run，未实际发送 webhook
